0 info it worked if it ends with ok
1 verbose cli [ 'C:\\Program Files\\nodejs\\node.exe',
1 verbose cli   'C:\\Program Files\\nodejs\\node_modules\\npm\\bin\\npm-cli.js',
1 verbose cli   'start' ]
2 info using npm@3.10.10
3 info using node@v6.10.0
4 verbose run-script [ 'prestart', 'start', 'poststart' ]
5 info lifecycle kinvey-phonegap-starter@0.0.0~prestart: kinvey-phonegap-starter@0.0.0
6 verbose lifecycle kinvey-phonegap-starter@0.0.0~prestart: unsafe-perm in lifecycle true
7 verbose lifecycle kinvey-phonegap-starter@0.0.0~prestart: PATH: C:\Program Files\nodejs\node_modules\npm\bin\node-gyp-bin;D:\Users\rdunn\Documents\apps\PhoneGap-Starter-master\node_modules\.bin;C:\Windows\system32;C:\Windows;C:\Windows\System32\Wbem;C:\Windows\System32\WindowsPowerShell\v1.0\;C:\Program Files\Git\cmd;C:\Program Files (x86)\Brackets\command;C:\Program Files\nodejs\;C:\Users\rdunn\AppData\Local\Microsoft\WindowsApps;C:\Users\rdunn\AppData\Roaming\npm
8 verbose lifecycle kinvey-phonegap-starter@0.0.0~prestart: CWD: D:\Users\rdunn\Documents\apps\PhoneGap-Starter-master
9 silly lifecycle kinvey-phonegap-starter@0.0.0~prestart: Args: [ '/d /s /c', 'npm install' ]
10 silly lifecycle kinvey-phonegap-starter@0.0.0~prestart: Returned: code: 1  signal: null
11 info lifecycle kinvey-phonegap-starter@0.0.0~prestart: Failed to exec prestart script
12 verbose stack Error: kinvey-phonegap-starter@0.0.0 prestart: `npm install`
12 verbose stack Exit status 1
12 verbose stack     at EventEmitter.<anonymous> (C:\Program Files\nodejs\node_modules\npm\lib\utils\lifecycle.js:255:16)
12 verbose stack     at emitTwo (events.js:106:13)
12 verbose stack     at EventEmitter.emit (events.js:191:7)
12 verbose stack     at ChildProcess.<anonymous> (C:\Program Files\nodejs\node_modules\npm\lib\utils\spawn.js:40:14)
12 verbose stack     at emitTwo (events.js:106:13)
12 verbose stack     at ChildProcess.emit (events.js:191:7)
12 verbose stack     at maybeClose (internal/child_process.js:877:16)
12 verbose stack     at Process.ChildProcess._handle.onexit (internal/child_process.js:226:5)
13 verbose pkgid kinvey-phonegap-starter@0.0.0
14 verbose cwd D:\Users\rdunn\Documents\apps\PhoneGap-Starter-master
15 error Windows_NT 10.0.14393
16 error argv "C:\\Program Files\\nodejs\\node.exe" "C:\\Program Files\\nodejs\\node_modules\\npm\\bin\\npm-cli.js" "start"
17 error node v6.10.0
18 error npm  v3.10.10
19 error code ELIFECYCLE
20 error kinvey-phonegap-starter@0.0.0 prestart: `npm install`
20 error Exit status 1
21 error Failed at the kinvey-phonegap-starter@0.0.0 prestart script 'npm install'.
21 error Make sure you have the latest version of node.js and npm installed.
21 error If you do, this is most likely a problem with the kinvey-phonegap-starter package,
21 error not with npm itself.
21 error Tell the author that this fails on your system:
21 error     npm install
21 error You can get information on how to open an issue for this project with:
21 error     npm bugs kinvey-phonegap-starter
21 error Or if that isn't available, you can get their info via:
21 error     npm owner ls kinvey-phonegap-starter
21 error There is likely additional logging output above.
22 verbose exit [ 1, true ]
